<?xml version="1.0" encoding="UTF-8"?>
<!-- Generated by org.testng.reporters.JUnitXMLReporter -->
<testsuite ignored="0" hostname="Chr0n05" failures="2" tests="21" name="Surefire test" time="12.857" errors="0" timestamp="2024-05-05T21:18:10 ICT">
  <testcase classname="CreateApiTest" name="CreateCommentTest" time="2.547"/>
  <testcase classname="CreateApiTest" name="CreatePostTest" time="0.411"/>
  <testcase classname="CreateApiTest" name="CreateUserTest" time="0.398"/>
  <testcase classname="CreateApiTest" name="createUserTestwithCapitalEmailData" time="0.443">
    <failure type="java.lang.AssertionError" message="expected [GUILERMODELTORO983@mail.com] but found [guilermodeltoro983@mail.com]">
      <![CDATA[java.lang.AssertionError: expected [GUILERMODELTORO983@mail.com] but found [guilermodeltoro983@mail.com]
at CreateApiTest.createUserTestwithCapitalEmailData(CreateApiTest.java:180)
at java.base/java.util.ArrayList.forEach(ArrayList.java:1511)
... Removed 38 stack frames]]>
    </failure>
  </testcase> <!-- createUserTestwithCapitalEmailData -->
  <testcase classname="CreateApiTest" name="createpostwithoutowner" time="0.334"/>
  <testcase classname="DeleteApiTest" name="DeleteCommentTest" time="0.373"/>
  <testcase classname="DeleteApiTest" name="DeletePostTest" time="0.347"/>
  <testcase classname="DeleteApiTest" name="DeleteUserTest" time="0.371"/>
  <testcase classname="GetApiTests" name="Get10Post" time="0.713"/>
  <testcase classname="GetApiTests" name="Get10Users" time="0.422"/>
  <testcase classname="GetApiTests" name="GetUserById" time="0.345"/>
  <testcase classname="GetApiTests" name="GetUserPost" time="0.438"/>
  <testcase classname="GetApiTests" name="Getcommentperpost" time="0.409"/>
  <testcase classname="GetApiTests" name="GetpostbyID" time="0.414"/>
  <testcase classname="GetApiTests" name="get10Comment" time="1.107"/>
  <testcase classname="GetApiTests" name="getTag" time="0.946"/>
  <testcase classname="GetApiTests" name="getcommentbyUser" time="0.414"/>
  <testcase classname="GetApiTests" name="getpostbyTag" time="0.395"/>
  <testcase classname="UpdateApiTest" name="UpdateCommentTest" time="0.335">
    <failure type="java.lang.AssertionError" message="expected [200] but found [404]">
      <![CDATA[java.lang.AssertionError: expected [200] but found [404]
at UpdateApiTest.UpdateCommentTest(UpdateApiTest.java:143)
at java.base/java.util.ArrayList.forEach(ArrayList.java:1511)
... Removed 39 stack frames]]>
    </failure>
  </testcase> <!-- UpdateCommentTest -->
  <testcase classname="UpdateApiTest" name="UpdatePostTest" time="0.44"/>
  <testcase classname="UpdateApiTest" name="UpdateUserTest" time="0.385"/>
</testsuite> <!-- Surefire test -->
