<?xml version="1.0" encoding="UTF-8"?>
<!-- Generated by org.testng.reporters.JUnitXMLReporter -->
<testsuite ignored="0" hostname="Chr0n05" failures="0" tests="10" name="Surefire test" time="8.406" errors="0" timestamp="2024-05-05T17:02:58 ICT">
  <testcase classname="GetApiTests" name="Get10Post" time="2.413"/>
  <testcase classname="GetApiTests" name="Get10Users" time="0.476"/>
  <testcase classname="GetApiTests" name="GetUserById" time="0.341"/>
  <testcase classname="GetApiTests" name="GetUserPost" time="0.742"/>
  <testcase classname="GetApiTests" name="Getcommentperpost" time="0.472"/>
  <testcase classname="GetApiTests" name="GetpostbyID" time="0.445"/>
  <testcase classname="GetApiTests" name="get10Comment" time="0.879"/>
  <testcase classname="GetApiTests" name="getTag" time="1.141"/>
  <testcase classname="GetApiTests" name="getcommentbyUser" time="0.463"/>
  <testcase classname="GetApiTests" name="getpostbyTag" time="0.411"/>
</testsuite> <!-- Surefire test -->
