<?xml version="1.0" encoding="UTF-8"?>
<testsuite xmlns:xsi="http://www.w3.org/2001/XMLSchema-instance" xsi:noNamespaceSchemaLocation="https://maven.apache.org/surefire/maven-surefire-plugin/xsd/surefire-test-report-3.0.xsd" version="3.0" name="GetApiTests" time="8.891" tests="10" errors="0" skipped="0" failures="0">
  <properties>
[...]
</properties>
  <testcase name="Get10Post" classname="GetApiTests" time="2.412">
    <system-err><![CDATA[SLF4J: Failed to load class "org.slf4j.impl.StaticLoggerBinder".
SLF4J: Defaulting to no-operation (NOP) logger implementation
SLF4J: See http://www.slf4j.org/codes.html#StaticLoggerBinder for further details.
]]></system-err>
  </testcase>
  <testcase name="Get10Users" classname="GetApiTests" time="0.475"/>
  <testcase name="GetUserById" classname="GetApiTests" time="0.341"/>
  <testcase name="GetUserPost" classname="GetApiTests" time="0.741"/>
  <testcase name="Getcommentperpost" classname="GetApiTests" time="0.473"/>
  <testcase name="GetpostbyID" classname="GetApiTests" time="0.446"/>
  <testcase name="get10Comment" classname="GetApiTests" time="0.878"/>
  <testcase name="getTag" classname="GetApiTests" time="1.14"/>
  <testcase name="getcommentbyUser" classname="GetApiTests" time="0.463"/>
  <testcase name="getpostbyTag" classname="GetApiTests" time="0.412"/>
</testsuite>